<?xml version="1.0" encoding="UTF-8"?>
<!-- Generated by org.testng.reporters.JUnitReportReporter -->
<testsuite skipped="0" hostname="LAPTOP-HDOJPKS3" name="Project1.ExtentReportsDemoWithTestNG" tests="2" failures="0" timestamp="2021-12-14T20:48:19 SGT" time="6.746" errors="0">
  <testcase name="test1" time="6.374" classname="Project1.ExtentReportsDemoWithTestNG"/>
  <system-out/>
  <testcase name="test2" time="0.372" classname="Project1.ExtentReportsDemoWithTestNG"/>
  <system-out/>
</testsuite> <!-- Project1.ExtentReportsDemoWithTestNG -->
