<?xml version="1.0" encoding="UTF-8"?>
<!-- Generated by org.testng.reporters.JUnitReportReporter -->
<testsuite skipped="0" hostname="LAPTOP-HDOJPKS3" name="Project1.TestCase1Sample3" tests="3" failures="0" timestamp="2021-12-14T22:40:46 SGT" time="1.766" errors="0">
  <testcase name="test1" time="1.029" classname="Project1.TestCase1Sample3"/>
  <system-out/>
  <testcase name="test2" time="0.425" classname="Project1.TestCase1Sample3"/>
  <system-out/>
  <testcase name="test3" time="0.312" classname="Project1.TestCase1Sample3"/>
  <system-out/>
</testsuite> <!-- Project1.TestCase1Sample3 -->
