<?xml version="1.0" encoding="UTF-8"?>
<!-- Generated by org.testng.reporters.JUnitReportReporter -->
<testsuite skipped="0" hostname="LAPTOP-HDOJPKS3" name="Demo.TestNGParallelTestingDemo" tests="3" failures="0" timestamp="2021-12-14T21:02:58 SGT" time="10.913" errors="0">
  <testcase name="test1" time="5.660" classname="Demo.TestNGParallelTestingDemo"/>
  <system-out/>
  <testcase name="test2" time="2.254" classname="Demo.TestNGParallelTestingDemo"/>
  <system-out/>
  <testcase name="test3" time="2.999" classname="Demo.TestNGParallelTestingDemo"/>
  <system-out/>
</testsuite> <!-- Demo.TestNGParallelTestingDemo -->
