<?xml version="1.0" encoding="UTF-8"?>
<!-- Generated by org.testng.reporters.JUnitReportReporter -->
<testsuite skipped="0" hostname="LAPTOP-HDOJPKS3" name="Test.ExtentReportsDemoWithTestNG" tests="1" failures="0" timestamp="2021-12-10T22:18:18 SGT" time="2.566" errors="0">
  <testcase name="test1" time="2.566" classname="Test.ExtentReportsDemoWithTestNG"/>
  <system-out/>
</testsuite> <!-- Test.ExtentReportsDemoWithTestNG -->
