<?xml version="1.0" encoding="UTF-8"?>
<!-- Generated by org.testng.reporters.JUnitReportReporter -->
<testsuite skipped="0" hostname="LAPTOP-HDOJPKS3" name="Project1.TestNGParallelTestingDemo" tests="3" failures="0" timestamp="2021-12-14T20:54:15 SGT" time="2.765" errors="0">
  <testcase name="test1" time="1.897" classname="Project1.TestNGParallelTestingDemo"/>
  <system-out/>
  <testcase name="test3" time="0.376" classname="Project1.TestNGParallelTestingDemo"/>
  <system-out/>
  <testcase name="test2" time="0.492" classname="Project1.TestNGParallelTestingDemo"/>
  <system-out/>
</testsuite> <!-- Project1.TestNGParallelTestingDemo -->
