<?xml version="1.0" encoding="UTF-8"?>
<!-- Generated by org.testng.reporters.JUnitReportReporter -->
<testsuite skipped="0" hostname="LAPTOP-HDOJPKS3" name="Listeners.TestNGListenersDemo" tests="3" failures="0" timestamp="2021-12-17T16:57:12 SGT" time="5.225" errors="0">
  <testcase name="test1" time="5.220" classname="Listeners.TestNGListenersDemo"/>
  <system-out/>
  <testcase name="test2" time="0.004" classname="Listeners.TestNGListenersDemo"/>
  <system-out/>
  <testcase name="test3" time="0.001" classname="Listeners.TestNGListenersDemo"/>
  <system-out/>
</testsuite> <!-- Listeners.TestNGListenersDemo -->
