<?xml version="1.0" encoding="UTF-8"?>
<!-- Generated by org.testng.reporters.JUnitReportReporter -->
<testsuite skipped="0" hostname="LAPTOP-HDOJPKS3" name="Test.TestNG_Demo" tests="1" failures="0" timestamp="2021-12-10T22:52:44 SGT" time="9.900" errors="0">
  <testcase name="googleSearch" time="9.900" classname="Test.TestNG_Demo"/>
  <system-out/>
</testsuite> <!-- Test.TestNG_Demo -->
