<?xml version="1.0" encoding="UTF-8"?>
<!-- Generated by org.testng.reporters.JUnitReportReporter -->
<testsuite skipped="0" hostname="LAPTOP-HDOJPKS3" name="Demo.TestNGParallelTestingDemo" tests="3" failures="0" timestamp="2021-12-14T17:50:44 SGT" time="15.834" errors="0">
  <testcase name="test1" time="5.289" classname="Demo.TestNGParallelTestingDemo"/>
  <system-out/>
  <testcase name="test3" time="5.290" classname="Demo.TestNGParallelTestingDemo"/>
  <system-out/>
  <testcase name="test2" time="5.255" classname="Demo.TestNGParallelTestingDemo"/>
  <system-out/>
</testsuite> <!-- Demo.TestNGParallelTestingDemo -->
