<?xml version="1.0" encoding="UTF-8"?>
<!-- Generated by org.testng.reporters.JUnitReportReporter -->
<testsuite skipped="0" hostname="LAPTOP-HDOJPKS3" name="Test.ExtentReportsDemoWithTestNG" tests="2" failures="0" timestamp="2021-12-14T20:45:32 SGT" time="3.108" errors="0">
  <testcase name="test2" time="0.415" classname="Test.ExtentReportsDemoWithTestNG"/>
  <system-out/>
  <testcase name="test1" time="2.693" classname="Test.ExtentReportsDemoWithTestNG"/>
  <system-out/>
</testsuite> <!-- Test.ExtentReportsDemoWithTestNG -->
