<?xml version="1.0" encoding="UTF-8"?>
<!-- Generated by org.testng.reporters.JUnitReportReporter -->
<testsuite skipped="0" hostname="LAPTOP-HDOJPKS3" name="Demo.TestNGParallelTestingDemo" tests="3" failures="0" timestamp="2021-12-17T17:02:39 SGT" time="15.243" errors="0">
  <testcase name="test1" time="5.050" classname="Demo.TestNGParallelTestingDemo"/>
  <system-out/>
  <testcase name="test2" time="5.125" classname="Demo.TestNGParallelTestingDemo"/>
  <system-out/>
  <testcase name="test3" time="5.068" classname="Demo.TestNGParallelTestingDemo"/>
  <system-out/>
</testsuite> <!-- Demo.TestNGParallelTestingDemo -->
