<?xml version="1.0" encoding="UTF-8"?>
<!-- Generated by org.testng.reporters.JUnitReportReporter -->
<testsuite skipped="0" hostname="LAPTOP-HDOJPKS3" name="Project1.TestCase1Sample" tests="3" failures="0" timestamp="2021-12-14T22:43:38 SGT" time="1.878" errors="0">
  <testcase name="test3" time="1.099" classname="Project1.TestCase1Sample"/>
  <system-out/>
  <testcase name="test1" time="0.447" classname="Project1.TestCase1Sample"/>
  <system-out/>
  <testcase name="test2" time="0.332" classname="Project1.TestCase1Sample"/>
  <system-out/>
</testsuite> <!-- Project1.TestCase1Sample -->
