<?xml version="1.0" encoding="UTF-8"?>
<!-- Generated by org.testng.reporters.JUnitReportReporter -->
<testsuite skipped="0" hostname="LAPTOP-HDOJPKS3" name="Project1.TestCase1Sample2" tests="3" failures="0" timestamp="2021-12-14T22:07:23 SGT" time="1.855" errors="0">
  <testcase name="test1" time="1.100" classname="Project1.TestCase1Sample2"/>
  <system-out/>
  <testcase name="test2" time="0.446" classname="Project1.TestCase1Sample2"/>
  <system-out/>
  <testcase name="test3" time="0.309" classname="Project1.TestCase1Sample2"/>
  <system-out/>
</testsuite> <!-- Project1.TestCase1Sample2 -->
