<?xml version="1.0" encoding="UTF-8"?>
<!-- Generated by org.testng.reporters.JUnitReportReporter -->
<testsuite skipped="0" hostname="LAPTOP-HDOJPKS3" name="Test.TestNG_Demo1" tests="2" failures="0" timestamp="2021-12-11T02:39:03 SGT" time="14.355" errors="0">
  <testcase name="googleSearch2" time="6.667" classname="Test.TestNG_Demo1"/>
  <system-out/>
  <testcase name="googleSearch1" time="7.688" classname="Test.TestNG_Demo1"/>
  <system-out/>
</testsuite> <!-- Test.TestNG_Demo1 -->
