<?xml version="1.0" encoding="UTF-8"?>
<!-- Generated by org.testng.reporters.JUnitReportReporter -->
<testsuite skipped="0" hostname="LAPTOP-HDOJPKS3" name="Project1.TestCase1Sample" tests="3" failures="0" timestamp="2021-12-14T21:07:55 SGT" time="1.788" errors="0">
  <testcase name="test3" time="1.060" classname="Project1.TestCase1Sample"/>
  <system-out/>
  <testcase name="test1" time="0.433" classname="Project1.TestCase1Sample"/>
  <system-out/>
  <testcase name="test2" time="0.295" classname="Project1.TestCase1Sample"/>
  <system-out/>
</testsuite> <!-- Project1.TestCase1Sample -->
