<?xml version="1.0" encoding="UTF-8"?>
<!-- Generated by org.testng.reporters.JUnitReportReporter -->
<testsuite skipped="0" hostname="LAPTOP-HDOJPKS3" name="Test.UntitledTestcase" tests="1" failures="0" timestamp="2021-12-12T10:45:13 SGT" time="7.524" errors="0">
  <testcase name="testUntitledTestcase" time="7.524" classname="Test.UntitledTestcase"/>
  <system-out/>
</testsuite> <!-- Test.UntitledTestcase -->
