<?xml version="1.0" encoding="UTF-8"?>
<!-- Generated by org.testng.reporters.JUnitReportReporter -->
<testsuite skipped="0" hostname="LAPTOP-HDOJPKS3" name="utils.ExcelDataProvider" tests="5" failures="0" timestamp="2021-12-11T20:36:20 SGT" time="0.017" errors="0">
  <testcase name="test1" time="0.001" classname="utils.ExcelDataProvider"/>
  <system-out/>
  <testcase name="test1" time="0.002" classname="utils.ExcelDataProvider"/>
  <system-out/>
  <testcase name="test1" time="0.007" classname="utils.ExcelDataProvider"/>
  <system-out/>
  <testcase name="test1" time="0.005" classname="utils.ExcelDataProvider"/>
  <system-out/>
  <testcase name="test1" time="0.002" classname="utils.ExcelDataProvider"/>
  <system-out/>
</testsuite> <!-- utils.ExcelDataProvider -->
