<?xml version="1.0" encoding="UTF-8"?>
<!-- Generated by org.testng.reporters.JUnitReportReporter -->
<testsuite skipped="0" hostname="LAPTOP-HDOJPKS3" name="Demo.TestNGMultiBrowserDemo" tests="3" failures="0" timestamp="2021-12-12T01:04:37 SGT" time="14.969" errors="0">
  <testcase name="test1" time="4.479" classname="Demo.TestNGMultiBrowserDemo"/>
  <system-out/>
  <testcase name="test1" time="5.449" classname="Demo.TestNGMultiBrowserDemo"/>
  <system-out/>
  <testcase name="test1" time="5.041" classname="Demo.TestNGMultiBrowserDemo"/>
  <system-out/>
</testsuite> <!-- Demo.TestNGMultiBrowserDemo -->
