<?xml version="1.0" encoding="UTF-8"?>
<!-- Generated by org.testng.reporters.JUnitReportReporter -->
<testsuite skipped="0" hostname="LAPTOP-HDOJPKS3" name="Test.ExcelDataProviderSampleTC" tests="5" failures="0" timestamp="2021-12-11T20:50:47 SGT" time="16.828" errors="0">
  <testcase name="test1" time="3.092" classname="Test.ExcelDataProviderSampleTC"/>
  <system-out/>
  <testcase name="test1" time="2.722" classname="Test.ExcelDataProviderSampleTC"/>
  <system-out/>
  <testcase name="test1" time="5.199" classname="Test.ExcelDataProviderSampleTC"/>
  <system-out/>
  <testcase name="test1" time="2.734" classname="Test.ExcelDataProviderSampleTC"/>
  <system-out/>
  <testcase name="test1" time="3.081" classname="Test.ExcelDataProviderSampleTC"/>
  <system-out/>
</testsuite> <!-- Test.ExcelDataProviderSampleTC -->
