<?xml version="1.0" encoding="UTF-8"?>
<!-- Generated by org.testng.reporters.JUnitReportReporter -->
<testsuite skipped="0" hostname="LAPTOP-HDOJPKS3" name="Demo.TestNGMultiBrowserDemo" tests="3" failures="0" timestamp="2021-12-14T17:10:40 SGT" time="16.545" errors="0">
  <testcase name="test1" time="5.207" classname="Demo.TestNGMultiBrowserDemo"/>
  <system-out/>
  <testcase name="test1" time="6.343" classname="Demo.TestNGMultiBrowserDemo"/>
  <system-out/>
  <testcase name="test1" time="4.995" classname="Demo.TestNGMultiBrowserDemo"/>
  <system-out/>
</testsuite> <!-- Demo.TestNGMultiBrowserDemo -->
