<?xml version="1.0" encoding="UTF-8"?>
<!-- Generated by org.testng.reporters.JUnitReportReporter -->
<testsuite skipped="0" hostname="LAPTOP-HDOJPKS3" name="SauceLabs.SauceLabsDemo" tests="4" failures="0" timestamp="2021-12-17T17:04:58 SGT" time="80.427" errors="0">
  <testcase name="checkInventoryItemTest" time="24.228" classname="SauceLabs.SauceLabsDemo"/>
  <system-out/>
  <testcase name="checkInventoryItemTest" time="17.449" classname="SauceLabs.SauceLabsDemo"/>
  <system-out/>
  <testcase name="checkAddToCartButtonTest" time="24.324" classname="SauceLabs.SauceLabsDemo"/>
  <system-out/>
  <testcase name="checkAddToCartButtonTest" time="14.426" classname="SauceLabs.SauceLabsDemo"/>
  <system-out/>
</testsuite> <!-- SauceLabs.SauceLabsDemo -->
