<?xml version="1.0" encoding="UTF-8"?>
<!-- Generated by org.testng.reporters.JUnitReportReporter -->
<testsuite skipped="0" hostname="LAPTOP-HDOJPKS3" name="Demo.TestNGParallelTestingDemo" tests="3" failures="0" timestamp="2021-12-14T17:26:47 SGT" time="14.622" errors="0">
  <testcase name="test1" time="4.892" classname="Demo.TestNGParallelTestingDemo"/>
  <system-out/>
  <testcase name="test2" time="4.855" classname="Demo.TestNGParallelTestingDemo"/>
  <system-out/>
  <testcase name="test3" time="4.875" classname="Demo.TestNGParallelTestingDemo"/>
  <system-out/>
</testsuite> <!-- Demo.TestNGParallelTestingDemo -->
