<?xml version="1.0" encoding="UTF-8"?>
<!-- Generated by org.testng.reporters.JUnitReportReporter -->
<testsuite skipped="0" hostname="LAPTOP-HDOJPKS3" name="Demo.TestNGMultiBrowserDemo" tests="3" failures="0" timestamp="2021-12-12T21:13:49 SGT" time="17.234" errors="0">
  <testcase name="test1" time="6.208" classname="Demo.TestNGMultiBrowserDemo"/>
  <system-out/>
  <testcase name="test1" time="6.192" classname="Demo.TestNGMultiBrowserDemo"/>
  <system-out/>
  <testcase name="test1" time="4.834" classname="Demo.TestNGMultiBrowserDemo"/>
  <system-out/>
</testsuite> <!-- Demo.TestNGMultiBrowserDemo -->
