<?xml version="1.0" encoding="UTF-8"?>
<!-- Generated by org.testng.reporters.JUnitReportReporter -->
<testsuite skipped="0" hostname="LAPTOP-HDOJPKS3" name="Listeners.TestNGListenersDemo2" tests="3" failures="0" timestamp="2021-12-11T21:57:28 SGT" time="0.008" errors="0">
  <testcase name="test4" time="0.001" classname="Listeners.TestNGListenersDemo2"/>
  <system-out/>
  <testcase name="test5" time="0.005" classname="Listeners.TestNGListenersDemo2"/>
  <system-out/>
  <testcase name="test6" time="0.002" classname="Listeners.TestNGListenersDemo2"/>
  <system-out/>
</testsuite> <!-- Listeners.TestNGListenersDemo2 -->
